This file contains any messages produced by compilers while
running configure, to aid debugging if configure makes a mistake.

It was created by libmodbus configure 2.9.2, which was
generated by GNU Autoconf 2.66.  Invocation command line was

  $ configure 

## --------- ##
## Platform. ##
## --------- ##

hostname = linux-6n6z
uname -m = x86_64
uname -r = 2.6.34-12-desktop
uname -s = Linux
uname -v = #1 SMP PREEMPT 2010-06-29 02:39:08 +0200

/usr/bin/uname -p = unknown
/bin/uname -X     = unknown

/bin/arch              = x86_64
/usr/bin/arch -k       = unknown
/usr/convex/getsysinfo = unknown
/usr/bin/hostinfo      = unknown
/bin/machine           = unknown
/usr/bin/oslevel       = unknown
/bin/universe          = unknown

PATH: /usr/lib64/mpi/gcc/openmpi/bin
PATH: /sbin
PATH: /usr/sbin
PATH: /usr/local/sbin
PATH: /root/bin
PATH: /usr/local/bin
PATH: /usr/bin
PATH: /bin
PATH: /usr/bin/X11
PATH: /usr/X11R6/bin
PATH: /usr/games
PATH: /opt/kde3/bin
PATH: /usr/lib/mit/bin
PATH: /usr/lib/mit/sbin


## ----------- ##
## Core tests. ##
## ----------- ##

configure:2459: checking for a BSD-compatible install
configure:2527: result: /usr/bin/install -c
configure:2538: checking whether build environment is sane
configure:2588: result: yes
configure:2729: checking for a thread-safe mkdir -p
configure:2768: result: /bin/mkdir -p
configure:2781: checking for gawk
configure:2797: found /usr/bin/gawk
configure:2808: result: gawk
configure:2819: checking whether make sets $(MAKE)
configure:2841: result: yes
configure:2955: checking build system type
configure:2969: result: x86_64-unknown-linux-gnu
configure:2989: checking host system type
configure:3002: result: x86_64-unknown-linux-gnu
configure:3088: checking for gcc
configure:3104: found /usr/bin/gcc
configure:3115: result: gcc
configure:3344: checking for C compiler version
configure:3353: gcc --version >&5
gcc (SUSE Linux) 4.5.0 20100604 [gcc-4_5-branch revision 160292]
Copyright (C) 2010 Free Software Foundation, Inc.
This is free software; see the source for copying conditions.  There is NO
warranty; not even for MERCHANTABILITY or FITNESS FOR A PARTICULAR PURPOSE.

configure:3364: $? = 0
configure:3353: gcc -v >&5
Using built-in specs.
COLLECT_GCC=gcc
COLLECT_LTO_WRAPPER=/usr/lib64/gcc/x86_64-suse-linux/4.5/lto-wrapper
Target: x86_64-suse-linux
Configured with: ../configure --prefix=/usr --infodir=/usr/share/info --mandir=/usr/share/man --libdir=/usr/lib64 --libexecdir=/usr/lib64 --enable-languages=c,c++,objc,fortran,obj-c++,java,ada --enable-checking=release --with-gxx-include-dir=/usr/include/c++/4.5 --enable-ssp --disable-libssp --disable-plugin --with-bugurl=http://bugs.opensuse.org/ --with-pkgversion='SUSE Linux' --disable-libgcj --disable-libmudflap --with-slibdir=/lib64 --with-system-zlib --enable-__cxa_atexit --enable-libstdcxx-allocator=new --disable-libstdcxx-pch --enable-version-specific-runtime-libs --program-suffix=-4.5 --enable-linux-futex --without-system-libunwind --enable-gold --with-plugin-ld=/usr/bin/gold --with-arch-32=i586 --with-tune=generic --build=x86_64-suse-linux
Thread model: posix
gcc version 4.5.0 20100604 [gcc-4_5-branch revision 160292] (SUSE Linux) 
configure:3364: $? = 0
configure:3353: gcc -V >&5
gcc: '-V' option must have argument
configure:3364: $? = 1
configure:3353: gcc -qversion >&5
gcc: unrecognized option '-qversion'
gcc: no input files
configure:3364: $? = 1
configure:3384: checking whether the C compiler works
configure:3406: gcc    conftest.c  >&5
configure:3410: $? = 0
configure:3458: result: yes
configure:3461: checking for C compiler default output file name
configure:3463: result: a.out
configure:3469: checking for suffix of executables
configure:3476: gcc -o conftest    conftest.c  >&5
configure:3480: $? = 0
configure:3502: result: 
configure:3524: checking whether we are cross compiling
configure:3532: gcc -o conftest    conftest.c  >&5
configure:3536: $? = 0
configure:3543: ./conftest
configure:3547: $? = 0
configure:3562: result: no
configure:3567: checking for suffix of object files
configure:3589: gcc -c   conftest.c >&5
configure:3593: $? = 0
configure:3614: result: o
configure:3618: checking whether we are using the GNU C compiler
configure:3637: gcc -c   conftest.c >&5
configure:3637: $? = 0
configure:3646: result: yes
configure:3655: checking whether gcc accepts -g
configure:3675: gcc -c -g  conftest.c >&5
configure:3675: $? = 0
configure:3716: result: yes
configure:3733: checking for gcc option to accept ISO C89
configure:3797: gcc  -c -g -O2  conftest.c >&5
configure:3797: $? = 0
configure:3810: result: none needed
configure:3841: checking for style of include used by make
configure:3869: result: GNU
configure:3894: checking dependency style of gcc
configure:4004: result: gcc3
configure:4077: checking for g++
configure:4093: found /usr/bin/g++
configure:4104: result: g++
configure:4131: checking for C++ compiler version
configure:4140: g++ --version >&5
g++ (SUSE Linux) 4.5.0 20100604 [gcc-4_5-branch revision 160292]
Copyright (C) 2010 Free Software Foundation, Inc.
This is free software; see the source for copying conditions.  There is NO
warranty; not even for MERCHANTABILITY or FITNESS FOR A PARTICULAR PURPOSE.

configure:4151: $? = 0
configure:4140: g++ -v >&5
Using built-in specs.
COLLECT_GCC=g++
COLLECT_LTO_WRAPPER=/usr/lib64/gcc/x86_64-suse-linux/4.5/lto-wrapper
Target: x86_64-suse-linux
Configured with: ../configure --prefix=/usr --infodir=/usr/share/info --mandir=/usr/share/man --libdir=/usr/lib64 --libexecdir=/usr/lib64 --enable-languages=c,c++,objc,fortran,obj-c++,java,ada --enable-checking=release --with-gxx-include-dir=/usr/include/c++/4.5 --enable-ssp --disable-libssp --disable-plugin --with-bugurl=http://bugs.opensuse.org/ --with-pkgversion='SUSE Linux' --disable-libgcj --disable-libmudflap --with-slibdir=/lib64 --with-system-zlib --enable-__cxa_atexit --enable-libstdcxx-allocator=new --disable-libstdcxx-pch --enable-version-specific-runtime-libs --program-suffix=-4.5 --enable-linux-futex --without-system-libunwind --enable-gold --with-plugin-ld=/usr/bin/gold --with-arch-32=i586 --with-tune=generic --build=x86_64-suse-linux
Thread model: posix
gcc version 4.5.0 20100604 [gcc-4_5-branch revision 160292] (SUSE Linux) 
configure:4151: $? = 0
configure:4140: g++ -V >&5
g++: '-V' option must have argument
configure:4151: $? = 1
configure:4140: g++ -qversion >&5
g++: unrecognized option '-qversion'
g++: no input files
configure:4151: $? = 1
configure:4155: checking whether we are using the GNU C++ compiler
configure:4174: g++ -c   conftest.cpp >&5
configure:4174: $? = 0
configure:4183: result: yes
configure:4192: checking whether g++ accepts -g
configure:4212: g++ -c -g  conftest.cpp >&5
configure:4212: $? = 0
configure:4253: result: yes
configure:4278: checking dependency style of g++
configure:4388: result: gcc3
configure:4752: checking how to print strings
configure:4779: result: printf
configure:4800: checking for a sed that does not truncate output
configure:4864: result: /usr/bin/sed
configure:4882: checking for grep that handles long lines and -e
configure:4940: result: /usr/bin/grep
configure:4945: checking for egrep
configure:5007: result: /usr/bin/grep -E
configure:5012: checking for fgrep
configure:5074: result: /usr/bin/grep -F
configure:5109: checking for ld used by gcc
configure:5176: result: /usr/x86_64-suse-linux/bin/ld
configure:5183: checking if the linker (/usr/x86_64-suse-linux/bin/ld) is GNU ld
configure:5198: result: yes
configure:5210: checking for BSD- or MS-compatible name lister (nm)
configure:5259: result: /usr/bin/nm -B
configure:5389: checking the name lister (/usr/bin/nm -B) interface
configure:5396: gcc -c -g -O2  conftest.c >&5
configure:5399: /usr/bin/nm -B "conftest.o"
configure:5402: output
0000000000000000 B some_variable
configure:5409: result: BSD nm
configure:5412: checking whether ln -s works
configure:5416: result: yes
configure:5424: checking the maximum length of command line arguments
configure:5549: result: 1572864
configure:5566: checking whether the shell understands some XSI constructs
configure:5576: result: yes
configure:5580: checking whether the shell understands "+="
configure:5586: result: yes
configure:5621: checking for /usr/x86_64-suse-linux/bin/ld option to reload object files
configure:5628: result: -r
configure:5697: checking for objdump
configure:5724: result: objdump
configure:5753: checking how to recognize dependent libraries
configure:5955: result: pass_all
configure:6015: checking for ar
configure:6031: found /usr/bin/ar
configure:6042: result: ar
configure:6120: checking for strip
configure:6136: found /usr/bin/strip
configure:6147: result: strip
configure:6219: checking for ranlib
configure:6235: found /usr/bin/ranlib
configure:6246: result: ranlib
configure:6348: checking command to parse /usr/bin/nm -B output from gcc object
configure:6466: gcc -c -g -O2  conftest.c >&5
configure:6469: $? = 0
configure:6473: /usr/bin/nm -B conftest.o \| sed -n -e 's/^.*[ ]\([ABCDGIRSTW][ABCDGIRSTW]*\)[ ][ ]*\([_A-Za-z][_A-Za-z0-9]*\)$/\1 \2 \2/p' \> conftest.nm
configure:6476: $? = 0
configure:6530: gcc -o conftest -g -O2   conftest.c conftstm.o >&5
configure:6533: $? = 0
configure:6571: result: ok
configure:6667: gcc -c -g -O2  conftest.c >&5
configure:6670: $? = 0
configure:7412: checking how to run the C preprocessor
configure:7443: gcc -E  conftest.c
configure:7443: $? = 0
configure:7457: gcc -E  conftest.c
conftest.c:11:28: fatal error: ac_nonexistent.h: No such file or directory
compilation terminated.
configure:7457: $? = 1
configure: failed program was:
| /* confdefs.h */
| #define PACKAGE_NAME "libmodbus"
| #define PACKAGE_TARNAME "libmodbus"
| #define PACKAGE_VERSION "2.9.2"
| #define PACKAGE_STRING "libmodbus 2.9.2"
| #define PACKAGE_BUGREPORT "stephane.raimbault@gmail.com"
| #define PACKAGE_URL ""
| #define PACKAGE "libmodbus"
| #define VERSION "2.9.2"
| /* end confdefs.h.  */
| #include <ac_nonexistent.h>
configure:7482: result: gcc -E
configure:7502: gcc -E  conftest.c
configure:7502: $? = 0
configure:7516: gcc -E  conftest.c
conftest.c:11:28: fatal error: ac_nonexistent.h: No such file or directory
compilation terminated.
configure:7516: $? = 1
configure: failed program was:
| /* confdefs.h */
| #define PACKAGE_NAME "libmodbus"
| #define PACKAGE_TARNAME "libmodbus"
| #define PACKAGE_VERSION "2.9.2"
| #define PACKAGE_STRING "libmodbus 2.9.2"
| #define PACKAGE_BUGREPORT "stephane.raimbault@gmail.com"
| #define PACKAGE_URL ""
| #define PACKAGE "libmodbus"
| #define VERSION "2.9.2"
| /* end confdefs.h.  */
| #include <ac_nonexistent.h>
configure:7545: checking for ANSI C header files
configure:7565: gcc -c -g -O2  conftest.c >&5
configure:7565: $? = 0
configure:7638: gcc -o conftest -g -O2   conftest.c  >&5
configure:7638: $? = 0
configure:7638: ./conftest
configure:7638: $? = 0
configure:7649: result: yes
configure:7662: checking for sys/types.h
configure:7662: gcc -c -g -O2  conftest.c >&5
configure:7662: $? = 0
configure:7662: result: yes
configure:7662: checking for sys/stat.h
configure:7662: gcc -c -g -O2  conftest.c >&5
configure:7662: $? = 0
configure:7662: result: yes
configure:7662: checking for stdlib.h
configure:7662: gcc -c -g -O2  conftest.c >&5
configure:7662: $? = 0
configure:7662: result: yes
configure:7662: checking for string.h
configure:7662: gcc -c -g -O2  conftest.c >&5
configure:7662: $? = 0
configure:7662: result: yes
configure:7662: checking for memory.h
configure:7662: gcc -c -g -O2  conftest.c >&5
configure:7662: $? = 0
configure:7662: result: yes
configure:7662: checking for strings.h
configure:7662: gcc -c -g -O2  conftest.c >&5
configure:7662: $? = 0
configure:7662: result: yes
configure:7662: checking for inttypes.h
configure:7662: gcc -c -g -O2  conftest.c >&5
configure:7662: $? = 0
configure:7662: result: yes
configure:7662: checking for stdint.h
configure:7662: gcc -c -g -O2  conftest.c >&5
configure:7662: $? = 0
configure:7662: result: yes
configure:7662: checking for unistd.h
configure:7662: gcc -c -g -O2  conftest.c >&5
configure:7662: $? = 0
configure:7662: result: yes
configure:7676: checking for dlfcn.h
configure:7676: gcc -c -g -O2  conftest.c >&5
configure:7676: $? = 0
configure:7676: result: yes
configure:7862: checking for objdir
configure:7877: result: .libs
configure:8144: checking if gcc supports -fno-rtti -fno-exceptions
configure:8162: gcc -c -g -O2  -fno-rtti -fno-exceptions conftest.c >&5
cc1: warning: command line option "-fno-rtti" is valid for C++/ObjC++ but not for C
configure:8166: $? = 0
configure:8179: result: no
configure:8199: checking for gcc option to produce PIC
configure:8484: result: -fPIC -DPIC
configure:8496: checking if gcc PIC flag -fPIC -DPIC works
configure:8514: gcc -c -g -O2  -fPIC -DPIC -DPIC conftest.c >&5
configure:8518: $? = 0
configure:8531: result: yes
configure:8555: checking if gcc static flag -static works
configure:8583: result: yes
configure:8598: checking if gcc supports -c -o file.o
configure:8619: gcc -c -g -O2  -o out/conftest2.o conftest.c >&5
configure:8623: $? = 0
configure:8645: result: yes
configure:8653: checking if gcc supports -c -o file.o
configure:8700: result: yes
configure:8733: checking whether the gcc linker (/usr/x86_64-suse-linux/bin/ld -m elf_x86_64) supports shared libraries
configure:9808: result: yes
configure:9845: checking whether -lc should be explicitly linked in
configure:9853: gcc -c -g -O2  conftest.c >&5
configure:9856: $? = 0
configure:9871: gcc -shared conftest.o  -v -Wl,-soname -Wl,conftest -o conftest 2\>\&1 \| /usr/bin/grep  -lc  \>/dev/null 2\>\&1
configure:9874: $? = 0
configure:9888: result: no
configure:10053: checking dynamic linker characteristics
configure:10508: gcc -o conftest -g -O2   -Wl,-rpath -Wl,/foo conftest.c  >&5
configure:10508: $? = 0
configure:10734: result: GNU/Linux ld.so
configure:10841: checking how to hardcode library paths into programs
configure:10866: result: immediate
configure:11406: checking whether stripping libraries is possible
configure:11411: result: yes
configure:11446: checking if libtool supports shared libraries
configure:11448: result: yes
configure:11451: checking whether to build shared libraries
configure:11472: result: yes
configure:11475: checking whether to build static libraries
configure:11479: result: yes
configure:11502: checking how to run the C++ preprocessor
configure:11529: g++ -E  conftest.cpp
configure:11529: $? = 0
configure:11543: g++ -E  conftest.cpp
conftest.cpp:23:28: fatal error: ac_nonexistent.h: No such file or directory
compilation terminated.
configure:11543: $? = 1
configure: failed program was:
| /* confdefs.h */
| #define PACKAGE_NAME "libmodbus"
| #define PACKAGE_TARNAME "libmodbus"
| #define PACKAGE_VERSION "2.9.2"
| #define PACKAGE_STRING "libmodbus 2.9.2"
| #define PACKAGE_BUGREPORT "stephane.raimbault@gmail.com"
| #define PACKAGE_URL ""
| #define PACKAGE "libmodbus"
| #define VERSION "2.9.2"
| #define STDC_HEADERS 1
| #define HAVE_SYS_TYPES_H 1
| #define HAVE_SYS_STAT_H 1
| #define HAVE_STDLIB_H 1
| #define HAVE_STRING_H 1
| #define HAVE_MEMORY_H 1
| #define HAVE_STRINGS_H 1
| #define HAVE_INTTYPES_H 1
| #define HAVE_STDINT_H 1
| #define HAVE_UNISTD_H 1
| #define HAVE_DLFCN_H 1
| #define LT_OBJDIR ".libs/"
| /* end confdefs.h.  */
| #include <ac_nonexistent.h>
configure:11568: result: g++ -E
configure:11588: g++ -E  conftest.cpp
configure:11588: $? = 0
configure:11602: g++ -E  conftest.cpp
conftest.cpp:23:28: fatal error: ac_nonexistent.h: No such file or directory
compilation terminated.
configure:11602: $? = 1
configure: failed program was:
| /* confdefs.h */
| #define PACKAGE_NAME "libmodbus"
| #define PACKAGE_TARNAME "libmodbus"
| #define PACKAGE_VERSION "2.9.2"
| #define PACKAGE_STRING "libmodbus 2.9.2"
| #define PACKAGE_BUGREPORT "stephane.raimbault@gmail.com"
| #define PACKAGE_URL ""
| #define PACKAGE "libmodbus"
| #define VERSION "2.9.2"
| #define STDC_HEADERS 1
| #define HAVE_SYS_TYPES_H 1
| #define HAVE_SYS_STAT_H 1
| #define HAVE_STDLIB_H 1
| #define HAVE_STRING_H 1
| #define HAVE_MEMORY_H 1
| #define HAVE_STRINGS_H 1
| #define HAVE_INTTYPES_H 1
| #define HAVE_STDINT_H 1
| #define HAVE_UNISTD_H 1
| #define HAVE_DLFCN_H 1
| #define LT_OBJDIR ".libs/"
| /* end confdefs.h.  */
| #include <ac_nonexistent.h>
configure:11770: checking for ld used by g++
configure:11837: result: /usr/x86_64-suse-linux/bin/ld -m elf_x86_64
configure:11844: checking if the linker (/usr/x86_64-suse-linux/bin/ld -m elf_x86_64) is GNU ld
configure:11859: result: yes
configure:11914: checking whether the g++ linker (/usr/x86_64-suse-linux/bin/ld -m elf_x86_64) supports shared libraries
configure:12846: result: yes
configure:12874: g++ -c -g -O2  conftest.cpp >&5
configure:12877: $? = 0
configure:13059: checking for g++ option to produce PIC
configure:13381: result: -fPIC -DPIC
configure:13390: checking if g++ PIC flag -fPIC -DPIC works
configure:13408: g++ -c -g -O2  -fPIC -DPIC -DPIC conftest.cpp >&5
configure:13412: $? = 0
configure:13425: result: yes
configure:13446: checking if g++ static flag -static works
configure:13474: result: yes
configure:13486: checking if g++ supports -c -o file.o
configure:13507: g++ -c -g -O2  -o out/conftest2.o conftest.cpp >&5
configure:13511: $? = 0
configure:13533: result: yes
configure:13538: checking if g++ supports -c -o file.o
configure:13585: result: yes
configure:13615: checking whether the g++ linker (/usr/x86_64-suse-linux/bin/ld -m elf_x86_64) supports shared libraries
configure:13643: result: yes
configure:13786: checking dynamic linker characteristics
configure:14401: result: GNU/Linux ld.so
configure:14454: checking how to hardcode library paths into programs
configure:14479: result: immediate
configure:14537: checking whether make sets $(MAKE)
configure:14559: result: yes
configure:14613: checking termios.h usability
configure:14613: gcc -c -g -O2  conftest.c >&5
configure:14613: $? = 0
configure:14613: result: yes
configure:14613: checking termios.h presence
configure:14613: gcc -E  conftest.c
configure:14613: $? = 0
configure:14613: result: yes
configure:14613: checking for termios.h
configure:14613: result: yes
configure:14613: checking sys/time.h usability
configure:14613: gcc -c -g -O2  conftest.c >&5
configure:14613: $? = 0
configure:14613: result: yes
configure:14613: checking sys/time.h presence
configure:14613: gcc -E  conftest.c
configure:14613: $? = 0
configure:14613: result: yes
configure:14613: checking for sys/time.h
configure:14613: result: yes
configure:14613: checking for unistd.h
configure:14613: result: yes
configure:14613: checking errno.h usability
configure:14613: gcc -c -g -O2  conftest.c >&5
configure:14613: $? = 0
configure:14613: result: yes
configure:14613: checking errno.h presence
configure:14613: gcc -E  conftest.c
configure:14613: $? = 0
configure:14613: result: yes
configure:14613: checking for errno.h
configure:14613: result: yes
configure:14613: checking limits.h usability
configure:14613: gcc -c -g -O2  conftest.c >&5
configure:14613: $? = 0
configure:14613: result: yes
configure:14613: checking limits.h presence
configure:14613: gcc -E  conftest.c
configure:14613: $? = 0
configure:14613: result: yes
configure:14613: checking for limits.h
configure:14613: result: yes
configure:14613: checking fcntl.h usability
configure:14613: gcc -c -g -O2  conftest.c >&5
configure:14613: $? = 0
configure:14613: result: yes
configure:14613: checking fcntl.h presence
configure:14613: gcc -E  conftest.c
configure:14613: $? = 0
configure:14613: result: yes
configure:14613: checking for fcntl.h
configure:14613: result: yes
configure:14613: checking for sys/types.h
configure:14613: result: yes
configure:14613: checking sys/socket.h usability
configure:14613: gcc -c -g -O2  conftest.c >&5
configure:14613: $? = 0
configure:14613: result: yes
configure:14613: checking sys/socket.h presence
configure:14613: gcc -E  conftest.c
configure:14613: $? = 0
configure:14613: result: yes
configure:14613: checking for sys/socket.h
configure:14613: result: yes
configure:14613: checking sys/ioctl.h usability
configure:14613: gcc -c -g -O2  conftest.c >&5
configure:14613: $? = 0
configure:14613: result: yes
configure:14613: checking sys/ioctl.h presence
configure:14613: gcc -E  conftest.c
configure:14613: $? = 0
configure:14613: result: yes
configure:14613: checking for sys/ioctl.h
configure:14613: result: yes
configure:14613: checking netinet/in.h usability
configure:14613: gcc -c -g -O2  conftest.c >&5
configure:14613: $? = 0
configure:14613: result: yes
configure:14613: checking netinet/in.h presence
configure:14613: gcc -E  conftest.c
configure:14613: $? = 0
configure:14613: result: yes
configure:14613: checking for netinet/in.h
configure:14613: result: yes
configure:14613: checking netinet/tcp.h usability
configure:14613: gcc -c -g -O2  conftest.c >&5
configure:14613: $? = 0
configure:14613: result: yes
configure:14613: checking netinet/tcp.h presence
configure:14613: gcc -E  conftest.c
configure:14613: $? = 0
configure:14613: result: yes
configure:14613: checking for netinet/tcp.h
configure:14613: result: yes
configure:14613: checking arpa/inet.h usability
configure:14613: gcc -c -g -O2  conftest.c >&5
configure:14613: $? = 0
configure:14613: result: yes
configure:14613: checking arpa/inet.h presence
configure:14613: gcc -E  conftest.c
configure:14613: $? = 0
configure:14613: result: yes
configure:14613: checking for arpa/inet.h
configure:14613: result: yes
configure:14625: checking for ANSI C header files
configure:14729: result: yes
configure:14739: checking for an ANSI C-conforming const
configure:14804: gcc -c -g -O2  conftest.c >&5
configure:14804: $? = 0
configure:14811: result: yes
configure:14819: checking for size_t
configure:14819: gcc -c -g -O2  conftest.c >&5
configure:14819: $? = 0
configure:14819: gcc -c -g -O2  conftest.c >&5
conftest.c: In function 'main':
conftest.c:72:21: error: expected expression before ')' token
configure:14819: $? = 1
configure: failed program was:
| /* confdefs.h */
| #define PACKAGE_NAME "libmodbus"
| #define PACKAGE_TARNAME "libmodbus"
| #define PACKAGE_VERSION "2.9.2"
| #define PACKAGE_STRING "libmodbus 2.9.2"
| #define PACKAGE_BUGREPORT "stephane.raimbault@gmail.com"
| #define PACKAGE_URL ""
| #define PACKAGE "libmodbus"
| #define VERSION "2.9.2"
| #define STDC_HEADERS 1
| #define HAVE_SYS_TYPES_H 1
| #define HAVE_SYS_STAT_H 1
| #define HAVE_STDLIB_H 1
| #define HAVE_STRING_H 1
| #define HAVE_MEMORY_H 1
| #define HAVE_STRINGS_H 1
| #define HAVE_INTTYPES_H 1
| #define HAVE_STDINT_H 1
| #define HAVE_UNISTD_H 1
| #define HAVE_DLFCN_H 1
| #define LT_OBJDIR ".libs/"
| #define HAVE_TERMIOS_H 1
| #define HAVE_SYS_TIME_H 1
| #define HAVE_UNISTD_H 1
| #define HAVE_ERRNO_H 1
| #define HAVE_LIMITS_H 1
| #define HAVE_FCNTL_H 1
| #define HAVE_SYS_TYPES_H 1
| #define HAVE_SYS_SOCKET_H 1
| #define HAVE_SYS_IOCTL_H 1
| #define HAVE_NETINET_IN_H 1
| #define HAVE_NETINET_TCP_H 1
| #define HAVE_ARPA_INET_H 1
| #define STDC_HEADERS 1
| /* end confdefs.h.  */
| #include <stdio.h>
| #ifdef HAVE_SYS_TYPES_H
| # include <sys/types.h>
| #endif
| #ifdef HAVE_SYS_STAT_H
| # include <sys/stat.h>
| #endif
| #ifdef STDC_HEADERS
| # include <stdlib.h>
| # include <stddef.h>
| #else
| # ifdef HAVE_STDLIB_H
| #  include <stdlib.h>
| # endif
| #endif
| #ifdef HAVE_STRING_H
| # if !defined STDC_HEADERS && defined HAVE_MEMORY_H
| #  include <memory.h>
| # endif
| # include <string.h>
| #endif
| #ifdef HAVE_STRINGS_H
| # include <strings.h>
| #endif
| #ifdef HAVE_INTTYPES_H
| # include <inttypes.h>
| #endif
| #ifdef HAVE_STDINT_H
| # include <stdint.h>
| #endif
| #ifdef HAVE_UNISTD_H
| # include <unistd.h>
| #endif
| int
| main ()
| {
| if (sizeof ((size_t)))
| 	    return 0;
|   ;
|   return 0;
| }
configure:14819: result: yes
configure:14830: checking whether time.h and sys/time.h may both be included
configure:14850: gcc -c -g -O2  conftest.c >&5
configure:14850: $? = 0
configure:14857: result: yes
configure:14872: checking whether __CYGWIN__ is declared
configure:14872: gcc -c -g -O2  conftest.c >&5
conftest.c: In function 'main':
conftest.c:77:10: error: '__CYGWIN__' undeclared (first use in this function)
conftest.c:77:10: note: each undeclared identifier is reported only once for each function it appears in
configure:14872: $? = 1
configure: failed program was:
| /* confdefs.h */
| #define PACKAGE_NAME "libmodbus"
| #define PACKAGE_TARNAME "libmodbus"
| #define PACKAGE_VERSION "2.9.2"
| #define PACKAGE_STRING "libmodbus 2.9.2"
| #define PACKAGE_BUGREPORT "stephane.raimbault@gmail.com"
| #define PACKAGE_URL ""
| #define PACKAGE "libmodbus"
| #define VERSION "2.9.2"
| #define STDC_HEADERS 1
| #define HAVE_SYS_TYPES_H 1
| #define HAVE_SYS_STAT_H 1
| #define HAVE_STDLIB_H 1
| #define HAVE_STRING_H 1
| #define HAVE_MEMORY_H 1
| #define HAVE_STRINGS_H 1
| #define HAVE_INTTYPES_H 1
| #define HAVE_STDINT_H 1
| #define HAVE_UNISTD_H 1
| #define HAVE_DLFCN_H 1
| #define LT_OBJDIR ".libs/"
| #define HAVE_TERMIOS_H 1
| #define HAVE_SYS_TIME_H 1
| #define HAVE_UNISTD_H 1
| #define HAVE_ERRNO_H 1
| #define HAVE_LIMITS_H 1
| #define HAVE_FCNTL_H 1
| #define HAVE_SYS_TYPES_H 1
| #define HAVE_SYS_SOCKET_H 1
| #define HAVE_SYS_IOCTL_H 1
| #define HAVE_NETINET_IN_H 1
| #define HAVE_NETINET_TCP_H 1
| #define HAVE_ARPA_INET_H 1
| #define STDC_HEADERS 1
| #define TIME_WITH_SYS_TIME 1
| /* end confdefs.h.  */
| #include <stdio.h>
| #ifdef HAVE_SYS_TYPES_H
| # include <sys/types.h>
| #endif
| #ifdef HAVE_SYS_STAT_H
| # include <sys/stat.h>
| #endif
| #ifdef STDC_HEADERS
| # include <stdlib.h>
| # include <stddef.h>
| #else
| # ifdef HAVE_STDLIB_H
| #  include <stdlib.h>
| # endif
| #endif
| #ifdef HAVE_STRING_H
| # if !defined STDC_HEADERS && defined HAVE_MEMORY_H
| #  include <memory.h>
| # endif
| # include <string.h>
| #endif
| #ifdef HAVE_STRINGS_H
| # include <strings.h>
| #endif
| #ifdef HAVE_INTTYPES_H
| # include <inttypes.h>
| #endif
| #ifdef HAVE_STDINT_H
| # include <stdint.h>
| #endif
| #ifdef HAVE_UNISTD_H
| # include <unistd.h>
| #endif
| int
| main ()
| {
| #ifndef __CYGWIN__
| #ifdef __cplusplus
|   (void) __CYGWIN__;
| #else
|   (void) __CYGWIN__;
| #endif
| #endif
| 
|   ;
|   return 0;
| }
configure:14872: result: no
configure:14885: checking for pid_t
configure:14885: gcc -c -g -O2  conftest.c >&5
configure:14885: $? = 0
configure:14885: gcc -c -g -O2  conftest.c >&5
conftest.c: In function 'main':
conftest.c:74:20: error: expected expression before ')' token
configure:14885: $? = 1
configure: failed program was:
| /* confdefs.h */
| #define PACKAGE_NAME "libmodbus"
| #define PACKAGE_TARNAME "libmodbus"
| #define PACKAGE_VERSION "2.9.2"
| #define PACKAGE_STRING "libmodbus 2.9.2"
| #define PACKAGE_BUGREPORT "stephane.raimbault@gmail.com"
| #define PACKAGE_URL ""
| #define PACKAGE "libmodbus"
| #define VERSION "2.9.2"
| #define STDC_HEADERS 1
| #define HAVE_SYS_TYPES_H 1
| #define HAVE_SYS_STAT_H 1
| #define HAVE_STDLIB_H 1
| #define HAVE_STRING_H 1
| #define HAVE_MEMORY_H 1
| #define HAVE_STRINGS_H 1
| #define HAVE_INTTYPES_H 1
| #define HAVE_STDINT_H 1
| #define HAVE_UNISTD_H 1
| #define HAVE_DLFCN_H 1
| #define LT_OBJDIR ".libs/"
| #define HAVE_TERMIOS_H 1
| #define HAVE_SYS_TIME_H 1
| #define HAVE_UNISTD_H 1
| #define HAVE_ERRNO_H 1
| #define HAVE_LIMITS_H 1
| #define HAVE_FCNTL_H 1
| #define HAVE_SYS_TYPES_H 1
| #define HAVE_SYS_SOCKET_H 1
| #define HAVE_SYS_IOCTL_H 1
| #define HAVE_NETINET_IN_H 1
| #define HAVE_NETINET_TCP_H 1
| #define HAVE_ARPA_INET_H 1
| #define STDC_HEADERS 1
| #define TIME_WITH_SYS_TIME 1
| #define HAVE_DECL___CYGWIN__ 0
| /* end confdefs.h.  */
| #include <stdio.h>
| #ifdef HAVE_SYS_TYPES_H
| # include <sys/types.h>
| #endif
| #ifdef HAVE_SYS_STAT_H
| # include <sys/stat.h>
| #endif
| #ifdef STDC_HEADERS
| # include <stdlib.h>
| # include <stddef.h>
| #else
| # ifdef HAVE_STDLIB_H
| #  include <stdlib.h>
| # endif
| #endif
| #ifdef HAVE_STRING_H
| # if !defined STDC_HEADERS && defined HAVE_MEMORY_H
| #  include <memory.h>
| # endif
| # include <string.h>
| #endif
| #ifdef HAVE_STRINGS_H
| # include <strings.h>
| #endif
| #ifdef HAVE_INTTYPES_H
| # include <inttypes.h>
| #endif
| #ifdef HAVE_STDINT_H
| # include <stdint.h>
| #endif
| #ifdef HAVE_UNISTD_H
| # include <unistd.h>
| #endif
| int
| main ()
| {
| if (sizeof ((pid_t)))
| 	    return 0;
|   ;
|   return 0;
| }
configure:14885: result: yes
configure:14898: checking vfork.h usability
configure:14898: gcc -c -g -O2  conftest.c >&5
conftest.c:71:19: fatal error: vfork.h: No such file or directory
compilation terminated.
configure:14898: $? = 1
configure: failed program was:
| /* confdefs.h */
| #define PACKAGE_NAME "libmodbus"
| #define PACKAGE_TARNAME "libmodbus"
| #define PACKAGE_VERSION "2.9.2"
| #define PACKAGE_STRING "libmodbus 2.9.2"
| #define PACKAGE_BUGREPORT "stephane.raimbault@gmail.com"
| #define PACKAGE_URL ""
| #define PACKAGE "libmodbus"
| #define VERSION "2.9.2"
| #define STDC_HEADERS 1
| #define HAVE_SYS_TYPES_H 1
| #define HAVE_SYS_STAT_H 1
| #define HAVE_STDLIB_H 1
| #define HAVE_STRING_H 1
| #define HAVE_MEMORY_H 1
| #define HAVE_STRINGS_H 1
| #define HAVE_INTTYPES_H 1
| #define HAVE_STDINT_H 1
| #define HAVE_UNISTD_H 1
| #define HAVE_DLFCN_H 1
| #define LT_OBJDIR ".libs/"
| #define HAVE_TERMIOS_H 1
| #define HAVE_SYS_TIME_H 1
| #define HAVE_UNISTD_H 1
| #define HAVE_ERRNO_H 1
| #define HAVE_LIMITS_H 1
| #define HAVE_FCNTL_H 1
| #define HAVE_SYS_TYPES_H 1
| #define HAVE_SYS_SOCKET_H 1
| #define HAVE_SYS_IOCTL_H 1
| #define HAVE_NETINET_IN_H 1
| #define HAVE_NETINET_TCP_H 1
| #define HAVE_ARPA_INET_H 1
| #define STDC_HEADERS 1
| #define TIME_WITH_SYS_TIME 1
| #define HAVE_DECL___CYGWIN__ 0
| /* end confdefs.h.  */
| #include <stdio.h>
| #ifdef HAVE_SYS_TYPES_H
| # include <sys/types.h>
| #endif
| #ifdef HAVE_SYS_STAT_H
| # include <sys/stat.h>
| #endif
| #ifdef STDC_HEADERS
| # include <stdlib.h>
| # include <stddef.h>
| #else
| # ifdef HAVE_STDLIB_H
| #  include <stdlib.h>
| # endif
| #endif
| #ifdef HAVE_STRING_H
| # if !defined STDC_HEADERS && defined HAVE_MEMORY_H
| #  include <memory.h>
| # endif
| # include <string.h>
| #endif
| #ifdef HAVE_STRINGS_H
| # include <strings.h>
| #endif
| #ifdef HAVE_INTTYPES_H
| # include <inttypes.h>
| #endif
| #ifdef HAVE_STDINT_H
| # include <stdint.h>
| #endif
| #ifdef HAVE_UNISTD_H
| # include <unistd.h>
| #endif
| #include <vfork.h>
configure:14898: result: no
configure:14898: checking vfork.h presence
configure:14898: gcc -E  conftest.c
conftest.c:38:19: fatal error: vfork.h: No such file or directory
compilation terminated.
configure:14898: $? = 1
configure: failed program was:
| /* confdefs.h */
| #define PACKAGE_NAME "libmodbus"
| #define PACKAGE_TARNAME "libmodbus"
| #define PACKAGE_VERSION "2.9.2"
| #define PACKAGE_STRING "libmodbus 2.9.2"
| #define PACKAGE_BUGREPORT "stephane.raimbault@gmail.com"
| #define PACKAGE_URL ""
| #define PACKAGE "libmodbus"
| #define VERSION "2.9.2"
| #define STDC_HEADERS 1
| #define HAVE_SYS_TYPES_H 1
| #define HAVE_SYS_STAT_H 1
| #define HAVE_STDLIB_H 1
| #define HAVE_STRING_H 1
| #define HAVE_MEMORY_H 1
| #define HAVE_STRINGS_H 1
| #define HAVE_INTTYPES_H 1
| #define HAVE_STDINT_H 1
| #define HAVE_UNISTD_H 1
| #define HAVE_DLFCN_H 1
| #define LT_OBJDIR ".libs/"
| #define HAVE_TERMIOS_H 1
| #define HAVE_SYS_TIME_H 1
| #define HAVE_UNISTD_H 1
| #define HAVE_ERRNO_H 1
| #define HAVE_LIMITS_H 1
| #define HAVE_FCNTL_H 1
| #define HAVE_SYS_TYPES_H 1
| #define HAVE_SYS_SOCKET_H 1
| #define HAVE_SYS_IOCTL_H 1
| #define HAVE_NETINET_IN_H 1
| #define HAVE_NETINET_TCP_H 1
| #define HAVE_ARPA_INET_H 1
| #define STDC_HEADERS 1
| #define TIME_WITH_SYS_TIME 1
| #define HAVE_DECL___CYGWIN__ 0
| /* end confdefs.h.  */
| #include <vfork.h>
configure:14898: result: no
configure:14898: checking for vfork.h
configure:14898: result: no
configure:14911: checking for fork
configure:14911: gcc -o conftest -g -O2   conftest.c  >&5
conftest.c:61:6: warning: conflicting types for built-in function 'fork'
configure:14911: $? = 0
configure:14911: result: yes
configure:14911: checking for vfork
configure:14911: gcc -o conftest -g -O2   conftest.c  >&5
configure:14911: $? = 0
configure:14911: result: yes
configure:14921: checking for working fork
configure:14943: gcc -o conftest -g -O2   conftest.c  >&5
configure:14943: $? = 0
configure:14943: ./conftest
configure:14943: $? = 0
configure:14953: result: yes
configure:14974: checking for working vfork
configure:15084: result: yes
configure:15112: checking for gettimeofday
configure:15112: gcc -o conftest -g -O2   conftest.c  >&5
configure:15112: $? = 0
configure:15112: result: yes
configure:15112: checking for inet_ntoa
configure:15112: gcc -o conftest -g -O2   conftest.c  >&5
configure:15112: $? = 0
configure:15112: result: yes
configure:15112: checking for memset
configure:15112: gcc -o conftest -g -O2   conftest.c  >&5
conftest.c:67:6: warning: conflicting types for built-in function 'memset'
configure:15112: $? = 0
configure:15112: result: yes
configure:15112: checking for select
configure:15112: gcc -o conftest -g -O2   conftest.c  >&5
configure:15112: $? = 0
configure:15112: result: yes
configure:15112: checking for socket
configure:15112: gcc -o conftest -g -O2   conftest.c  >&5
configure:15112: $? = 0
configure:15112: result: yes
configure:15112: checking for strerror
configure:15112: gcc -o conftest -g -O2   conftest.c  >&5
configure:15112: $? = 0
configure:15112: result: yes
configure:15112: checking for strlcpy
configure:15112: gcc -o conftest -g -O2   conftest.c  >&5
/tmp/ccnkjvyg.o: In function `main':
/home/evgeny/libmodbus-2.9.2/conftest.c:82: undefined reference to `strlcpy'
collect2: ld returned 1 exit status
configure:15112: $? = 1
configure: failed program was:
| /* confdefs.h */
| #define PACKAGE_NAME "libmodbus"
| #define PACKAGE_TARNAME "libmodbus"
| #define PACKAGE_VERSION "2.9.2"
| #define PACKAGE_STRING "libmodbus 2.9.2"
| #define PACKAGE_BUGREPORT "stephane.raimbault@gmail.com"
| #define PACKAGE_URL ""
| #define PACKAGE "libmodbus"
| #define VERSION "2.9.2"
| #define STDC_HEADERS 1
| #define HAVE_SYS_TYPES_H 1
| #define HAVE_SYS_STAT_H 1
| #define HAVE_STDLIB_H 1
| #define HAVE_STRING_H 1
| #define HAVE_MEMORY_H 1
| #define HAVE_STRINGS_H 1
| #define HAVE_INTTYPES_H 1
| #define HAVE_STDINT_H 1
| #define HAVE_UNISTD_H 1
| #define HAVE_DLFCN_H 1
| #define LT_OBJDIR ".libs/"
| #define HAVE_TERMIOS_H 1
| #define HAVE_SYS_TIME_H 1
| #define HAVE_UNISTD_H 1
| #define HAVE_ERRNO_H 1
| #define HAVE_LIMITS_H 1
| #define HAVE_FCNTL_H 1
| #define HAVE_SYS_TYPES_H 1
| #define HAVE_SYS_SOCKET_H 1
| #define HAVE_SYS_IOCTL_H 1
| #define HAVE_NETINET_IN_H 1
| #define HAVE_NETINET_TCP_H 1
| #define HAVE_ARPA_INET_H 1
| #define STDC_HEADERS 1
| #define TIME_WITH_SYS_TIME 1
| #define HAVE_DECL___CYGWIN__ 0
| #define HAVE_FORK 1
| #define HAVE_VFORK 1
| #define HAVE_WORKING_VFORK 1
| #define HAVE_WORKING_FORK 1
| #define HAVE_GETTIMEOFDAY 1
| #define HAVE_INET_NTOA 1
| #define HAVE_MEMSET 1
| #define HAVE_SELECT 1
| #define HAVE_SOCKET 1
| #define HAVE_STRERROR 1
| /* end confdefs.h.  */
| /* Define strlcpy to an innocuous variant, in case <limits.h> declares strlcpy.
|    For example, HP-UX 11i <limits.h> declares gettimeofday.  */
| #define strlcpy innocuous_strlcpy
| 
| /* System header to define __stub macros and hopefully few prototypes,
|     which can conflict with char strlcpy (); below.
|     Prefer <limits.h> to <assert.h> if __STDC__ is defined, since
|     <limits.h> exists even on freestanding compilers.  */
| 
| #ifdef __STDC__
| # include <limits.h>
| #else
| # include <assert.h>
| #endif
| 
| #undef strlcpy
| 
| /* Override any GCC internal prototype to avoid an error.
|    Use char because int might match the return type of a GCC
|    builtin and then its argument prototype would still apply.  */
| #ifdef __cplusplus
| extern "C"
| #endif
| char strlcpy ();
| /* The GNU C library defines this for functions which it implements
|     to always fail with ENOSYS.  Some functions are actually named
|     something starting with __ and the normal name is an alias.  */
| #if defined __stub_strlcpy || defined __stub___strlcpy
| choke me
| #endif
| 
| int
| main ()
| {
| return strlcpy ();
|   ;
|   return 0;
| }
configure:15112: result: no
configure:15266: creating ./config.status

## ---------------------- ##
## Running config.status. ##
## ---------------------- ##

This file was extended by libmodbus config.status 2.9.2, which was
generated by GNU Autoconf 2.66.  Invocation command line was

  CONFIG_FILES    = 
  CONFIG_HEADERS  = 
  CONFIG_LINKS    = 
  CONFIG_COMMANDS = 
  $ ./config.status 

on linux-6n6z

config.status:1171: creating Makefile
config.status:1171: creating src/Makefile
config.status:1171: creating src/modbus-version.h
config.status:1171: creating tests/Makefile
config.status:1171: creating libmodbus.pc
config.status:1171: creating config.h
config.status:1399: executing depfiles commands
config.status:1399: executing libtool commands

## ---------------- ##
## Cache variables. ##
## ---------------- ##

ac_cv_build=x86_64-unknown-linux-gnu
ac_cv_c_compiler_gnu=yes
ac_cv_c_const=yes
ac_cv_cxx_compiler_gnu=yes
ac_cv_env_CCC_set=
ac_cv_env_CCC_value=
ac_cv_env_CC_set=
ac_cv_env_CC_value=
ac_cv_env_CFLAGS_set=
ac_cv_env_CFLAGS_value=
ac_cv_env_CPPFLAGS_set=
ac_cv_env_CPPFLAGS_value=
ac_cv_env_CPP_set=
ac_cv_env_CPP_value=
ac_cv_env_CXXCPP_set=
ac_cv_env_CXXCPP_value=
ac_cv_env_CXXFLAGS_set=
ac_cv_env_CXXFLAGS_value=
ac_cv_env_CXX_set=
ac_cv_env_CXX_value=
ac_cv_env_LDFLAGS_set=
ac_cv_env_LDFLAGS_value=
ac_cv_env_LIBS_set=
ac_cv_env_LIBS_value=
ac_cv_env_build_alias_set=
ac_cv_env_build_alias_value=
ac_cv_env_host_alias_set=
ac_cv_env_host_alias_value=
ac_cv_env_target_alias_set=
ac_cv_env_target_alias_value=
ac_cv_func_fork=yes
ac_cv_func_fork_works=yes
ac_cv_func_gettimeofday=yes
ac_cv_func_inet_ntoa=yes
ac_cv_func_memset=yes
ac_cv_func_select=yes
ac_cv_func_socket=yes
ac_cv_func_strerror=yes
ac_cv_func_strlcpy=no
ac_cv_func_vfork=yes
ac_cv_func_vfork_works=yes
ac_cv_have_decl___CYGWIN__=no
ac_cv_header_arpa_inet_h=yes
ac_cv_header_dlfcn_h=yes
ac_cv_header_errno_h=yes
ac_cv_header_fcntl_h=yes
ac_cv_header_inttypes_h=yes
ac_cv_header_limits_h=yes
ac_cv_header_memory_h=yes
ac_cv_header_netinet_in_h=yes
ac_cv_header_netinet_tcp_h=yes
ac_cv_header_stdc=yes
ac_cv_header_stdint_h=yes
ac_cv_header_stdlib_h=yes
ac_cv_header_string_h=yes
ac_cv_header_strings_h=yes
ac_cv_header_sys_ioctl_h=yes
ac_cv_header_sys_socket_h=yes
ac_cv_header_sys_stat_h=yes
ac_cv_header_sys_time_h=yes
ac_cv_header_sys_types_h=yes
ac_cv_header_termios_h=yes
ac_cv_header_time=yes
ac_cv_header_unistd_h=yes
ac_cv_header_vfork_h=no
ac_cv_host=x86_64-unknown-linux-gnu
ac_cv_objext=o
ac_cv_path_EGREP='/usr/bin/grep -E'
ac_cv_path_FGREP='/usr/bin/grep -F'
ac_cv_path_GREP=/usr/bin/grep
ac_cv_path_SED=/usr/bin/sed
ac_cv_path_install='/usr/bin/install -c'
ac_cv_path_mkdir=/bin/mkdir
ac_cv_prog_AWK=gawk
ac_cv_prog_CPP='gcc -E'
ac_cv_prog_CXXCPP='g++ -E'
ac_cv_prog_ac_ct_AR=ar
ac_cv_prog_ac_ct_CC=gcc
ac_cv_prog_ac_ct_CXX=g++
ac_cv_prog_ac_ct_OBJDUMP=objdump
ac_cv_prog_ac_ct_RANLIB=ranlib
ac_cv_prog_ac_ct_STRIP=strip
ac_cv_prog_cc_c89=
ac_cv_prog_cc_g=yes
ac_cv_prog_cxx_g=yes
ac_cv_prog_make_make_set=yes
ac_cv_type_pid_t=yes
ac_cv_type_size_t=yes
am_cv_CC_dependencies_compiler_type=gcc3
am_cv_CXX_dependencies_compiler_type=gcc3
lt_cv_archive_cmds_need_lc=no
lt_cv_deplibs_check_method=pass_all
lt_cv_file_magic_cmd='$MAGIC_CMD'
lt_cv_file_magic_test_file=
lt_cv_ld_reload_flag=-r
lt_cv_nm_interface='BSD nm'
lt_cv_objdir=.libs
lt_cv_path_LD=/usr/x86_64-suse-linux/bin/ld
lt_cv_path_LDCXX='/usr/x86_64-suse-linux/bin/ld -m elf_x86_64'
lt_cv_path_NM='/usr/bin/nm -B'
lt_cv_prog_compiler_c_o=yes
lt_cv_prog_compiler_c_o_CXX=yes
lt_cv_prog_compiler_pic_works=yes
lt_cv_prog_compiler_pic_works_CXX=yes
lt_cv_prog_compiler_rtti_exceptions=no
lt_cv_prog_compiler_static_works=yes
lt_cv_prog_compiler_static_works_CXX=yes
lt_cv_prog_gnu_ld=yes
lt_cv_prog_gnu_ldcxx=yes
lt_cv_shlibpath_overrides_runpath=yes
lt_cv_sys_global_symbol_pipe='sed -n -e '\''s/^.*[	 ]\([ABCDGIRSTW][ABCDGIRSTW]*\)[	 ][	 ]*\([_A-Za-z][_A-Za-z0-9]*\)$/\1 \2 \2/p'\'''
lt_cv_sys_global_symbol_to_c_name_address='sed -n -e '\''s/^: \([^ ]*\) $/  {\"\1\", (void *) 0},/p'\'' -e '\''s/^[ABCDGIRSTW]* \([^ ]*\) \([^ ]*\)$/  {"\2", (void *) \&\2},/p'\'''
lt_cv_sys_global_symbol_to_c_name_address_lib_prefix='sed -n -e '\''s/^: \([^ ]*\) $/  {\"\1\", (void *) 0},/p'\'' -e '\''s/^[ABCDGIRSTW]* \([^ ]*\) \(lib[^ ]*\)$/  {"\2", (void *) \&\2},/p'\'' -e '\''s/^[ABCDGIRSTW]* \([^ ]*\) \([^ ]*\)$/  {"lib\2", (void *) \&\2},/p'\'''
lt_cv_sys_global_symbol_to_cdecl='sed -n -e '\''s/^T .* \(.*\)$/extern int \1();/p'\'' -e '\''s/^[ABCDGIRSTW]* .* \(.*\)$/extern char \1;/p'\'''
lt_cv_sys_max_cmd_len=1572864

## ----------------- ##
## Output variables. ##
## ----------------- ##

ACLOCAL='${SHELL} /home/evgeny/libmodbus-2.9.2/missing --run aclocal-1.11'
AMDEPBACKSLASH='\'
AMDEP_FALSE='#'
AMDEP_TRUE=''
AMTAR='${SHELL} /home/evgeny/libmodbus-2.9.2/missing --run tar'
AM_BACKSLASH='\'
AM_DEFAULT_VERBOSITY='0'
AR='ar'
AS='as'
AUTOCONF='${SHELL} /home/evgeny/libmodbus-2.9.2/missing --run autoconf'
AUTOHEADER='${SHELL} /home/evgeny/libmodbus-2.9.2/missing --run autoheader'
AUTOMAKE='${SHELL} /home/evgeny/libmodbus-2.9.2/missing --run automake-1.11'
AWK='gawk'
CC='gcc'
CCDEPMODE='depmode=gcc3'
CFLAGS='-g -O2 -Wall -Werror'
CPP='gcc -E'
CPPFLAGS=''
CXX='g++'
CXXCPP='g++ -E'
CXXDEPMODE='depmode=gcc3'
CXXFLAGS='-g -O2'
CYGPATH_W='echo'
DEFS='-DHAVE_CONFIG_H'
DEPDIR='.deps'
DLLTOOL='dlltool'
DSYMUTIL=''
DUMPBIN=''
ECHO_C=''
ECHO_N='-n'
ECHO_T=''
EGREP='/usr/bin/grep -E'
EXEEXT=''
FGREP='/usr/bin/grep -F'
GREP='/usr/bin/grep'
INSTALL_DATA='${INSTALL} -m 644'
INSTALL_PROGRAM='${INSTALL}'
INSTALL_SCRIPT='${INSTALL}'
INSTALL_STRIP_PROGRAM='$(install_sh) -c -s'
LD='/usr/x86_64-suse-linux/bin/ld -m elf_x86_64'
LDFLAGS=''
LIBMODBUS_LT_VERSION_INFO='4:0:0'
LIBMODBUS_VERSION='2.9.2'
LIBMODBUS_VERSION_MAJOR='2'
LIBMODBUS_VERSION_MICRO='2'
LIBMODBUS_VERSION_MINOR='9'
LIBOBJS=''
LIBS=''
LIBTOOL='$(SHELL) $(top_builddir)/libtool'
LIPO=''
LN_S='ln -s'
LTLIBOBJS=''
MAKEINFO='${SHELL} /home/evgeny/libmodbus-2.9.2/missing --run makeinfo'
MKDIR_P='/bin/mkdir -p'
NM='/usr/bin/nm -B'
NMEDIT=''
OBJDUMP='objdump'
OBJEXT='o'
OS_WIN32_FALSE=''
OS_WIN32_TRUE='#'
OTOOL64=''
OTOOL=''
PACKAGE='libmodbus'
PACKAGE_BUGREPORT='stephane.raimbault@gmail.com'
PACKAGE_NAME='libmodbus'
PACKAGE_STRING='libmodbus 2.9.2'
PACKAGE_TARNAME='libmodbus'
PACKAGE_URL=''
PACKAGE_VERSION='2.9.2'
PATH_SEPARATOR=':'
RANLIB='ranlib'
SED='/usr/bin/sed'
SET_MAKE=''
SHELL='/bin/sh'
STRIP='strip'
VERSION='2.9.2'
ac_ct_CC='gcc'
ac_ct_CXX='g++'
ac_ct_DUMPBIN=''
am__EXEEXT_FALSE=''
am__EXEEXT_TRUE='#'
am__fastdepCC_FALSE='#'
am__fastdepCC_TRUE=''
am__fastdepCXX_FALSE='#'
am__fastdepCXX_TRUE=''
am__include='include'
am__isrc=''
am__leading_dot='.'
am__quote=''
am__tar='${AMTAR} chof - "$$tardir"'
am__untar='${AMTAR} xf -'
bindir='${exec_prefix}/bin'
build='x86_64-unknown-linux-gnu'
build_alias=''
build_cpu='x86_64'
build_os='linux-gnu'
build_vendor='unknown'
datadir='${datarootdir}'
datarootdir='${prefix}/share'
docdir='${datarootdir}/doc/${PACKAGE_TARNAME}'
dvidir='${docdir}'
exec_prefix='${prefix}'
host='x86_64-unknown-linux-gnu'
host_alias=''
host_cpu='x86_64'
host_os='linux-gnu'
host_vendor='unknown'
htmldir='${docdir}'
includedir='${prefix}/include'
infodir='${datarootdir}/info'
install_sh='${SHELL} /home/evgeny/libmodbus-2.9.2/install-sh'
libdir='${exec_prefix}/lib'
libexecdir='${exec_prefix}/libexec'
localedir='${datarootdir}/locale'
localstatedir='${prefix}/var'
mandir='${datarootdir}/man'
mkdir_p='/bin/mkdir -p'
oldincludedir='/usr/include'
pdfdir='${docdir}'
prefix='/usr/local'
program_transform_name='s,x,x,'
psdir='${docdir}'
sbindir='${exec_prefix}/sbin'
sharedstatedir='${prefix}/com'
sysconfdir='${prefix}/etc'
target_alias=''

## ----------- ##
## confdefs.h. ##
## ----------- ##

/* confdefs.h */
#define PACKAGE_NAME "libmodbus"
#define PACKAGE_TARNAME "libmodbus"
#define PACKAGE_VERSION "2.9.2"
#define PACKAGE_STRING "libmodbus 2.9.2"
#define PACKAGE_BUGREPORT "stephane.raimbault@gmail.com"
#define PACKAGE_URL ""
#define PACKAGE "libmodbus"
#define VERSION "2.9.2"
#define STDC_HEADERS 1
#define HAVE_SYS_TYPES_H 1
#define HAVE_SYS_STAT_H 1
#define HAVE_STDLIB_H 1
#define HAVE_STRING_H 1
#define HAVE_MEMORY_H 1
#define HAVE_STRINGS_H 1
#define HAVE_INTTYPES_H 1
#define HAVE_STDINT_H 1
#define HAVE_UNISTD_H 1
#define HAVE_DLFCN_H 1
#define LT_OBJDIR ".libs/"
#define HAVE_TERMIOS_H 1
#define HAVE_SYS_TIME_H 1
#define HAVE_UNISTD_H 1
#define HAVE_ERRNO_H 1
#define HAVE_LIMITS_H 1
#define HAVE_FCNTL_H 1
#define HAVE_SYS_TYPES_H 1
#define HAVE_SYS_SOCKET_H 1
#define HAVE_SYS_IOCTL_H 1
#define HAVE_NETINET_IN_H 1
#define HAVE_NETINET_TCP_H 1
#define HAVE_ARPA_INET_H 1
#define STDC_HEADERS 1
#define TIME_WITH_SYS_TIME 1
#define HAVE_DECL___CYGWIN__ 0
#define HAVE_FORK 1
#define HAVE_VFORK 1
#define HAVE_WORKING_VFORK 1
#define HAVE_WORKING_FORK 1
#define HAVE_GETTIMEOFDAY 1
#define HAVE_INET_NTOA 1
#define HAVE_MEMSET 1
#define HAVE_SELECT 1
#define HAVE_SOCKET 1
#define HAVE_STRERROR 1

configure: exit 0
